============================================================
  Generated by:           Genus(TM) Synthesis Solution 25.10-p002_1
  Generated on:           Jun 20 2026  09:14:42 am
  Module:                 aes256
  Operating conditions:   PVT_0P9V_125C (balanced_tree)
  Wireload mode:          enclosed
  Area mode:              timing library
============================================================


Path 1: MET (2 ps) Setup Check with Pin rk_reg[2][8]/CK->D
          Group: i_clk
     Startpoint: (R) kc_reg[2]/CK
          Clock: (R) i_clk
       Endpoint: (F) rk_reg[2][8]/D
          Clock: (R) i_clk

                     Capture       Launch     
        Clock Edge:+    4000            0     
       Src Latency:+       0            0     
       Net Latency:+       0 (I)        0 (I) 
           Arrival:=    4000            0     
                                              
             Setup:-     140                  
     Required Time:=    3860                  
      Launch Clock:-       0                  
         Data Path:-    3859                  
             Slack:=       2                  

#------------------------------------------------------------------------------------------
#  Timing Point    Flags    Arc   Edge   Cell     Fanout Load Trans Delay Arrival Instance 
#                                                        (fF)  (ps)  (ps)   (ps)  Location 
#------------------------------------------------------------------------------------------
  kc_reg[2]/CK     -       -      R     (arrival)   2323    -     0     0       0    (-,-) 
  kc_reg[2]/Q      -       CK->Q  F     DFFRHQX1       7  3.3    94   243     243    (-,-) 
  g1257856/Y       -       A->Y   R     CLKINVX4      23 10.9    76    82     325    (-,-) 
  g1257931/Y       -       A->Y   F     INVX1         22  9.6   259   185     510    (-,-) 
  g1255807/Y       -       A->Y   F     AND2X4        63 12.9   105   247     757    (-,-) 
  g1262447/Y       -       A1->Y  F     AO22XL         1  0.3    31   173     930    (-,-) 
  g1244570/Y       -       C0->Y  R     AOI221X1       1  0.4   101    90    1020    (-,-) 
  g1244101/Y       -       C->Y   F     NAND3X1        2  0.8   142   144    1164    (-,-) 
  g1241149/Y       -       A1->Y  R     AOI221X1       1  0.4   101   188    1352    (-,-) 
  g1239106/Y       -       A1->Y  F     OAI211X1       2  0.6   149   165    1517    (-,-) 
  g1238886/Y       -       C->Y   R     NOR3X1         5  2.0   191   188    1705    (-,-) 
  g1238596/Y       -       B->Y   R     OR2X1         14  5.4   124   206    1911    (-,-) 
  g1238459/Y       -       A->Y   F     INVX1         13  4.6   144   146    2057    (-,-) 
  g1238106/Y       -       B->Y   R     NAND2X1        4  1.2    62   107    2164    (-,-) 
  g1236234/Y       -       A0N->Y R     OAI2BB1X1      1  0.4    46   150    2314    (-,-) 
  g1236093/Y       -       C0->Y  F     OAI211X1       1  0.3   125   122    2436    (-,-) 
  g1235973/Y       -       A->Y   R     INVX1          1  0.4    37    84    2520    (-,-) 
  g1235303__7098/Y -       A1->Y  F     OAI221X1       1  0.3   150   156    2676    (-,-) 
  g1234893__3680/Y -       C0->Y  R     AOI221X1       1  0.4   107   151    2827    (-,-) 
  g1234625__6417/Y -       A1->Y  F     OAI211X1       2  0.7   157   172    2999    (-,-) 
  g1234501__1881/Y -       B->Y   R     NAND2X1        1  0.4    61   105    3104    (-,-) 
  g1234430__9945/Y -       C0->Y  F     OAI211X1       1  0.4   133   134    3238    (-,-) 
  g1234213__8428/Y -       B->Y   F     XNOR2X2       53 10.7   164   269    3507    (-,-) 
  g1234179/Y       -       A->Y   R     INVX1          8  3.2   100   138    3645    (-,-) 
  g1233629__5477/Y -       B1->Y  F     OAI222X1       1  0.2   176   214    3859    (-,-) 
  rk_reg[2][8]/D   <<<     -      F     DFFQXL         1    -     -     0    3859    (-,-) 
#------------------------------------------------------------------------------------------

