============================================================
  Generated by:           Genus(TM) Synthesis Solution 25.10-p002_1
  Generated on:           Jun 20 2026  09:14:42 am
  Module:                 aes256
  Operating conditions:   PVT_0P9V_125C (balanced_tree)
  Wireload mode:          enclosed
  Area mode:              timing library
============================================================

Timing
--------

Clock Period 
-------------
i_clk 4000.0 


  Cost    Critical         Violating 
 Group   Path Slack  TNS     Paths   
-------------------------------------
default    No paths   0.0            
i_clk           1.5   0.0          0 
-------------------------------------
Total                 0.0          0 

Instance Count
--------------
Leaf Instance Count             25351 
Physical Instance count             0 
Sequential Instance Count        2323 
Combinational Instance Count    23028 
Hierarchical Instance Count         0 

Area
----
Cell Area                          54232.274
Physical Cell Area                 0.000
Total Cell Area (Cell+Physical)    54232.274
Net Area                           0.000
Total Area (Cell+Physical+Net)     54232.274

Max Fanout                         2323 (i_clk)
Min Fanout                         0 (result[0])
Average Fanout                     3.0
Terms to net ratio                 3.9968
Terms to instance ratio            4.0272
Runtime                            1884.8462190000005 seconds
Elapsed Runtime                    2033 seconds
Genus peak memory usage            2559.14 
Innovus peak memory usage          no_value 
Hostname                           lnx60
